<?xml version="1.0" encoding="UTF-8"?>
<!-- Generated by org.testng.reporters.JUnitReportReporter -->
<testsuite hostname="Phanis-MacBook-Pro.local" failures="0" tests="4" name="com.softwaretestingboard.magento.test.HomePageTest" time="6.726" errors="0" timestamp="2023-04-17T12:06:13 IST" skipped="0">
  <testcase classname="com.softwaretestingboard.magento.test.HomePageTest" name="HomePageTitleTest" time="0.215"/>
  <system-out/>
  <testcase classname="com.softwaretestingboard.magento.test.HomePageTest" name="HomePageURLTest" time="1.047"/>
  <system-out/>
  <testcase classname="com.softwaretestingboard.magento.test.HomePageTest" name="isSearchExisted" time="5.261"/>
  <system-out/>
  <testcase classname="com.softwaretestingboard.magento.test.HomePageTest" name="istypeOfSalesExisted" time="0.203"/>
  <system-out/>
</testsuite> <!-- com.softwaretestingboard.magento.test.HomePageTest -->
