<?xml version="1.0" encoding="UTF-8"?>
<!-- Generated by org.testng.reporters.JUnitReportReporter -->
<testsuite hostname="Phanis-MacBook-Pro.local" failures="0" tests="5" name="com.softwaretestingboard.magento.test.WhatsNewTest" time="1.104" errors="0" timestamp="2023-04-17T12:06:13 IST" skipped="0">
  <testcase classname="com.softwaretestingboard.magento.test.WhatsNewTest" name="whatsNewPageTitleTest" time="0.088"/>
  <system-out/>
  <testcase classname="com.softwaretestingboard.magento.test.WhatsNewTest" name="isHoodiesExisted" time="0.691"/>
  <system-out/>
  <testcase classname="com.softwaretestingboard.magento.test.WhatsNewTest" name="isNewMenExisted" time="0.150"/>
  <system-out/>
  <testcase classname="com.softwaretestingboard.magento.test.WhatsNewTest" name="isJacketExisted" time="0.138"/>
  <system-out/>
  <testcase classname="com.softwaretestingboard.magento.test.WhatsNewTest" name="isNewWomenExisted" time="0.037"/>
  <system-out/>
</testsuite> <!-- com.softwaretestingboard.magento.test.WhatsNewTest -->
