<?xml version="1.0" encoding="UTF-8"?>
<!-- Generated by org.testng.reporters.JUnitReportReporter -->
<testsuite hostname="Phanis-MacBook-Pro.local" failures="0" tests="1" name="com.softwaretestingboard.magento.listeners.NewTest" time="0.008" errors="0" timestamp="2023-04-17T11:40:45 IST" skipped="0">
  <testcase classname="com.softwaretestingboard.magento.listeners.NewTest" name="f" time="0.008"/>
  <system-out/>
</testsuite> <!-- com.softwaretestingboard.magento.listeners.NewTest -->
