<?xml version="1.0" encoding="UTF-8"?>
<!-- Generated by org.testng.reporters.JUnitReportReporter -->
<testsuite hostname="Phanis-MacBook-Pro.local" failures="0" tests="3" name="com.softwaretestingboard.magento.test.SearchTest" time="20.031" errors="0" timestamp="2023-04-17T12:06:13 IST" skipped="0">
  <testcase classname="com.softwaretestingboard.magento.test.SearchTest" name="verifySearch" time="2.526"/>
  <system-out/>
  <testcase classname="com.softwaretestingboard.magento.test.SearchTest" name="verifySearch" time="11.375"/>
  <system-out/>
  <testcase classname="com.softwaretestingboard.magento.test.SearchTest" name="verifySearch" time="6.130"/>
  <system-out/>
</testsuite> <!-- com.softwaretestingboard.magento.test.SearchTest -->
